   1              		.cpu arm7tdmi
   2              		.fpu softvfp
   3              		.eabi_attribute 20, 1
   4              		.eabi_attribute 21, 1
   5              		.eabi_attribute 23, 3
   6              		.eabi_attribute 24, 1
   7              		.eabi_attribute 25, 1
   8              		.eabi_attribute 26, 1
   9              		.eabi_attribute 30, 6
  10              		.eabi_attribute 18, 4
  11              		.file	"main.c"
  21              	.Ltext0:
  22              		.file 1 "C:/Users/usuario_local/Downloads/SED/practica2/main.c"
 2871              		.align	2
 2872              		.global	Main
 2874              	Main:
 2875              	.LFB0:
   1:C:/Users/usuario_local/Downloads/SED/practica2\main.c **** /*--- ficheros de cabecera ---*/
   2:C:/Users/usuario_local/Downloads/SED/practica2\main.c **** #include "44blib.h"
   3:C:/Users/usuario_local/Downloads/SED/practica2\main.c **** #include "44b.h"
   4:C:/Users/usuario_local/Downloads/SED/practica2\main.c **** #include "stdio.h"
   5:C:/Users/usuario_local/Downloads/SED/practica2\main.c **** /*--- funciones externas ---*/
   6:C:/Users/usuario_local/Downloads/SED/practica2\main.c **** extern void leds_off();
   7:C:/Users/usuario_local/Downloads/SED/practica2\main.c **** extern void led1_on();
   8:C:/Users/usuario_local/Downloads/SED/practica2\main.c **** extern void Eint4567_init();
   9:C:/Users/usuario_local/Downloads/SED/practica2\main.c **** extern void timer2_init();
  10:C:/Users/usuario_local/Downloads/SED/practica2\main.c **** extern int fila;
  11:C:/Users/usuario_local/Downloads/SED/practica2\main.c **** 
  12:C:/Users/usuario_local/Downloads/SED/practica2\main.c **** 
  13:C:/Users/usuario_local/Downloads/SED/practica2\main.c **** //Declarar funciones externas de inicialización
  14:C:/Users/usuario_local/Downloads/SED/practica2\main.c **** 
  15:C:/Users/usuario_local/Downloads/SED/practica2\main.c **** /*--- declaracion de funciones ---*/
  16:C:/Users/usuario_local/Downloads/SED/practica2\main.c **** void Main(void);
  17:C:/Users/usuario_local/Downloads/SED/practica2\main.c **** /*--- codigo de funciones ---*/
  18:C:/Users/usuario_local/Downloads/SED/practica2\main.c **** void Main(void)
  19:C:/Users/usuario_local/Downloads/SED/practica2\main.c **** {
 2876              		.loc 1 19 0
 2877              		.cfi_startproc
 2878              		@ Function supports interworking.
 2879              		@ args = 0, pretend = 0, frame = 0
 2880              		@ frame_needed = 1, uses_anonymous_args = 0
 2881 0000 0DC0A0E1 		mov	ip, sp
 2882              	.LCFI0:
 2883              		.cfi_def_cfa_register 12
 2884 0004 00D82DE9 		stmfd	sp!, {fp, ip, lr, pc}
 2885 0008 04B04CE2 		sub	fp, ip, #4
 2886              		.cfi_offset 14, -8
 2887              		.cfi_offset 13, -12
 2888              		.cfi_offset 11, -16
 2889              	.LCFI1:
 2890              		.cfi_def_cfa 11, 4
  20:C:/Users/usuario_local/Downloads/SED/practica2\main.c **** 	fila=1;
 2891              		.loc 1 20 0
 2892 000c 28309FE5 		ldr	r3, .L3
 2893 0010 0120A0E3 		mov	r2, #1
 2894 0014 002083E5 		str	r2, [r3, #0]
  21:C:/Users/usuario_local/Downloads/SED/practica2\main.c **** 	/* Inicializar controladores */
  22:C:/Users/usuario_local/Downloads/SED/practica2\main.c **** 	sys_init(); // Inicializacion de la placa, interrupciones y puertos
 2895              		.loc 1 22 0
 2896 0018 FEFFFFEB 		bl	sys_init
  23:C:/Users/usuario_local/Downloads/SED/practica2\main.c **** 	// Inicializacion del temporizador
  24:C:/Users/usuario_local/Downloads/SED/practica2\main.c **** 	D8Led_init();
 2897              		.loc 1 24 0
 2898 001c FEFFFFEB 		bl	D8Led_init
  25:C:/Users/usuario_local/Downloads/SED/practica2\main.c **** 	// Inicialización del teclado matricial
  26:C:/Users/usuario_local/Downloads/SED/practica2\main.c **** 	keyboard_init();
 2899              		.loc 1 26 0
 2900 0020 FEFFFFEB 		bl	keyboard_init
  27:C:/Users/usuario_local/Downloads/SED/practica2\main.c **** 	Eint4567_init();
 2901              		.loc 1 27 0
 2902 0024 FEFFFFEB 		bl	Eint4567_init
  28:C:/Users/usuario_local/Downloads/SED/practica2\main.c **** 	timer0_init();
 2903              		.loc 1 28 0
 2904 0028 FEFFFFEB 		bl	timer0_init
  29:C:/Users/usuario_local/Downloads/SED/practica2\main.c **** 	timer2_init();
 2905              		.loc 1 29 0
 2906 002c FEFFFFEB 		bl	timer2_init
  30:C:/Users/usuario_local/Downloads/SED/practica2\main.c **** 
  31:C:/Users/usuario_local/Downloads/SED/practica2\main.c **** 	/* Establecer valor inicial de los LEDs */
  32:C:/Users/usuario_local/Downloads/SED/practica2\main.c **** 	leds_off();
 2907              		.loc 1 32 0
 2908 0030 FEFFFFEB 		bl	leds_off
  33:C:/Users/usuario_local/Downloads/SED/practica2\main.c **** 	led1_on();
 2909              		.loc 1 33 0
 2910 0034 FEFFFFEB 		bl	led1_on
 2911              	.L2:
  34:C:/Users/usuario_local/Downloads/SED/practica2\main.c **** 	while(1); // espera
 2912              		.loc 1 34 0 discriminator 1
 2913 0038 FEFFFFEA 		b	.L2
 2914              	.L4:
 2915              		.align	2
 2916              	.L3:
 2917 003c 00000000 		.word	fila
 2918              		.cfi_endproc
 2919              	.LFE0:
 2921              	.Letext0:
DEFINED SYMBOLS
                            *ABS*:00000000 main.c
C:\Users\USUARI~1\AppData\Local\Temp\ccujostC.s:2871   .text:00000000 $a
C:\Users\USUARI~1\AppData\Local\Temp\ccujostC.s:2874   .text:00000000 Main
C:\Users\USUARI~1\AppData\Local\Temp\ccujostC.s:2917   .text:0000003c $d
                     .debug_frame:00000010 $d

UNDEFINED SYMBOLS
sys_init
D8Led_init
keyboard_init
Eint4567_init
timer0_init
timer2_init
leds_off
led1_on
fila
